<?xml version="1.0" encoding="UTF-8"?>
<testsuite name="FileHandlerTest" tests="3" skipped="0" failures="0" errors="0" timestamp="2020-09-25T03:49:11" hostname="DESKTOP-2IT16K0" time="0.005">
  <properties/>
  <testcase name="checkFile()" classname="FileHandlerTest" time="0.004"/>
  <testcase name="writeToFile()" classname="FileHandlerTest" time="0.0"/>
  <testcase name="readFromFile()" classname="FileHandlerTest" time="0.0"/>
  <system-out><![CDATA[]]></system-out>
  <system-err><![CDATA[]]></system-err>
</testsuite>
