<?xml version="1.0" encoding="UTF-8"?>
<testsuite name="ObservableTest" tests="1" skipped="0" failures="0" errors="0" timestamp="2020-10-28T02:15:35" hostname="DESKTOP-C74CG7E" time="0.013">
  <properties/>
  <testcase name="checkIfChanged()" classname="ObservableTest" time="0.013"/>
  <system-out><![CDATA[]]></system-out>
  <system-err><![CDATA[]]></system-err>
</testsuite>
