<?xml version="1.0" encoding="UTF-8"?>
<testsuite name="FileHandlerTest" tests="1" skipped="0" failures="0" errors="0" timestamp="2020-10-28T02:22:00" hostname="DESKTOP-C74CG7E" time="0.013">
  <properties/>
  <testcase name="checkFile()" classname="FileHandlerTest" time="0.013"/>
  <system-out><![CDATA[Creating new save file.
]]></system-out>
  <system-err><![CDATA[]]></system-err>
</testsuite>
