<?xml version="1.0" encoding="UTF-8"?>
<testsuite name="FileHandlerTest" tests="2" skipped="0" failures="0" errors="0" timestamp="2020-10-03T19:36:47" hostname="DESKTOP-2IT16K0" time="0.013">
  <properties/>
  <testcase name="checkFile()" classname="FileHandlerTest" time="0.007"/>
  <testcase name="readFromFile()" classname="FileHandlerTest" time="0.005"/>
  <system-out><![CDATA[Save file exists... loading save file.
Save file exists... loading save file.
]]></system-out>
  <system-err><![CDATA[]]></system-err>
</testsuite>
